[debug] [2020-11-18T12:02:48.001Z] ----------------------------------------------------------------------
[debug] [2020-11-18T12:02:48.003Z] Command:       /usr/local/bin/firebase /home/asad/.cache/firebase/tools/lib/node_modules/firebase-tools/lib/bin/firebase deploy --only hosting:xio-stakex-internal
[debug] [2020-11-18T12:02:48.004Z] CLI Version:   7.12.1
[debug] [2020-11-18T12:02:48.004Z] Platform:      linux
[debug] [2020-11-18T12:02:48.004Z] Node Version:  v12.13.1
[debug] [2020-11-18T12:02:48.004Z] Time:          Wed Nov 18 2020 17:02:48 GMT+0500 (Pakistan Standard Time)
[debug] [2020-11-18T12:02:48.004Z] ----------------------------------------------------------------------
[debug] [2020-11-18T12:02:48.004Z] 
[debug] [2020-11-18T12:02:48.012Z] > command requires scopes: ["email","openid","https://www.googleapis.com/auth/cloudplatformprojects.readonly","https://www.googleapis.com/auth/firebase","https://www.googleapis.com/auth/cloud-platform"]
[debug] [2020-11-18T12:02:48.013Z] > authorizing via signed-in user
[debug] [2020-11-18T12:02:48.013Z] [iam] checking project xio-stakex for permissions ["firebase.projects.get","firebasehosting.sites.update"]
[debug] [2020-11-18T12:02:48.014Z] > refreshing access token with scopes: ["email","https://www.googleapis.com/auth/cloud-platform","https://www.googleapis.com/auth/cloudplatformprojects.readonly","https://www.googleapis.com/auth/firebase","openid"]
[debug] [2020-11-18T12:02:48.015Z] >>> HTTP REQUEST POST https://www.googleapis.com/oauth2/v3/token  
 <request body omitted>
[debug] [2020-11-18T12:02:48.511Z] <<< HTTP RESPONSE 200
[debug] [2020-11-18T12:02:48.518Z] >>> HTTP REQUEST POST https://cloudresourcemanager.googleapis.com/v1/projects/xio-stakex:testIamPermissions  

[debug] [2020-11-18T12:02:50.230Z] <<< HTTP RESPONSE 200
[debug] [2020-11-18T12:02:50.232Z] >>> HTTP REQUEST GET https://firebase.googleapis.com/v1beta1/projects/xio-stakex  
 
[debug] [2020-11-18T12:02:51.066Z] <<< HTTP RESPONSE 200
[info] 
[info] === Deploying to 'xio-stakex'...
[info] 
[info] i  deploying hosting
[debug] [2020-11-18T12:02:51.071Z] >>> HTTP REQUEST POST https://firebasehosting.googleapis.com/v1beta1/sites/xio-stakex-internal/versions  

[debug] [2020-11-18T12:02:53.414Z] <<< HTTP RESPONSE 200
[info] i  hosting[xio-stakex-internal]: beginning deploy...
[info] i  hosting[xio-stakex-internal]: found 55 files in build
[debug] [2020-11-18T12:02:55.586Z] [hosting] hash cache [YnVpbGQ] stored for 55 files
[debug] [2020-11-18T12:02:55.587Z] [hosting][hash queue][FINAL]
[debug] [2020-11-18T12:02:55.587Z] >>> HTTP REQUEST POST https://firebasehosting.googleapis.com/v1beta1/sites/xio-stakex-internal/versions/51fbf007489be303:populateFiles  
 <request body omitted>
[debug] [2020-11-18T12:02:57.390Z] <<< HTTP RESPONSE 200
[debug] [2020-11-18T12:02:57.395Z] [hosting][populate queue][FINAL]
[debug] [2020-11-18T12:02:57.395Z] [hosting] uploads queued: 6
[debug] [2020-11-18T12:03:00.374Z] [hosting][upload queue][FINAL]
[info] ✔  hosting[xio-stakex-internal]: file upload complete
[debug] [2020-11-18T12:03:00.375Z] [hosting] deploy completed after 6959ms
[debug] [2020-11-18T12:03:00.375Z] [
  {
    "config": {
      "public": "build",
      "site": "xio-stakex-internal",
      "ignore": [
        "firebase.json",
        "**/.*",
        "**/node_modules/**"
      ],
      "rewrites": [
        {
          "source": "**",
          "destination": "/index.html"
        }
      ]
    },
    "site": "xio-stakex-internal",
    "version": "sites/xio-stakex-internal/versions/51fbf007489be303"
  }
]
[info] i  hosting[xio-stakex-internal]: finalizing version...
[debug] [2020-11-18T12:03:00.376Z] >>> HTTP REQUEST PATCH https://firebasehosting.googleapis.com/v1beta1/sites/xio-stakex-internal/versions/51fbf007489be303?updateMask=status  

[debug] [2020-11-18T12:03:02.063Z] <<< HTTP RESPONSE 200
[debug] [2020-11-18T12:03:02.064Z] [hosting] finalized version for xio-stakex-internal:
[info] ✔  hosting[xio-stakex-internal]: version finalized
[info] i  hosting[xio-stakex-internal]: releasing new version...
[debug] [2020-11-18T12:03:02.065Z] >>> HTTP REQUEST POST https://firebasehosting.googleapis.com/v1beta1/sites/xio-stakex-internal/releases?version_name=sites/xio-stakex-internal/versions/51fbf007489be303  

[debug] [2020-11-18T12:03:13.249Z] Error: Client network socket disconnected before secure TLS connection was established
    at connResetException (internal/errors.js:570:14)
    at TLSSocket.onConnectEnd (_tls_wrap.js:1361:19)
    at Object.onceWrapper (events.js:299:28)
    at TLSSocket.emit (events.js:215:7)
    at TLSSocket.EventEmitter.emit (domain.js:475:20)
    at endReadableNT (_stream_readable.js:1184:12)
    at processTicksAndRejections (internal/process/task_queues.js:80:21)
[error] 
[error] Error: Server Error. Client network socket disconnected before secure TLS connection was established
